Base path: /Applications/Unity/Unity.app/Contents
Pipe name: \\.\pipe\UnityShaderCompiler-64bit-4-161099776
Cmd: getPlatforms
Cmd: compileSnippet
  api=4 type=0 insize=2067 outsize=1152 kw= ok=1
Cmd: compileSnippet
  error: 2 plat 8 at (79): Too many math instructions for SM2.0 (66 needed, max is 64). Try #pragma target 3.0\nCompiling Fragment program
  api=8 type=1 insize=2067 outsize=0 kw= ok=0
Cmd: compileSnippet
  api=1 type=0 insize=1355 outsize=425 kw=PIXELSNAP_ON ok=1
Cmd: compileSnippet
  api=4 type=1 insize=1355 outsize=1363 kw= ok=1
Cmd: compileSnippet
  api=4 type=1 insize=1355 outsize=1363 kw=PIXELSNAP_ON ok=1
Cmd: compileSnippet
  api=1 type=0 insize=1300 outsize=425 kw=PIXELSNAP_ON ok=1
Cmd: compileSnippet
  api=1 type=1 insize=1300 outsize=194 kw= ok=1
End of pipe

Quitting shader compiler process
